<?xml version="1.0" encoding="utf-8"?><testsuites name="pytest tests"><testsuite name="pytest" errors="0" failures="0" skipped="0" tests="15" time="3.030" timestamp="2026-03-10T12:14:13.350362+00:00" hostname="agent-env-c69c05a3-1ad4-4013-961e-80ba47193ce8"><testcase classname="backend.tests.test_phase1_refactoring.TestHealthAndBasicAPIs" name="test_health_endpoint" time="0.127" /><testcase classname="backend.tests.test_phase1_refactoring.TestHealthAndBasicAPIs" name="test_lotes_estatisticas" time="0.129" /><testcase classname="backend.tests.test_phase1_refactoring.TestImportLayoutsAPI" name="test_list_layouts" time="0.125" /><testcase classname="backend.tests.test_phase1_refactoring.TestImportLayoutsAPI" name="test_campos_disponiveis" time="0.111" /><testcase classname="backend.tests.test_phase1_refactoring.TestImportLayoutsAPI" name="test_get_layout_by_id" time="0.254" /><testcase classname="backend.tests.test_phase1_refactoring.TestImportLayoutsAPI" name="test_get_layout_rules" time="0.227" /><testcase classname="backend.tests.test_phase1_refactoring.TestImportLayoutsAPI" name="test_layout_not_found" time="0.104" /><testcase classname="backend.tests.test_phase1_refactoring.TestAccountMappingsAPI" name="test_list_mappings" time="0.127" /><testcase classname="backend.tests.test_phase1_refactoring.TestAccountMappingsAPI" name="test_create_and_delete_mapping" time="0.221" /><testcase classname="backend.tests.test_phase1_refactoring.TestOutputProfilesAPI" name="test_list_profiles" time="0.108" /><testcase classname="backend.tests.test_phase1_refactoring.TestOutputProfilesAPI" name="test_get_profile_by_id" time="0.215" /><testcase classname="backend.tests.test_phase1_refactoring.TestLotesAPI" name="test_list_lotes" time="0.108" /><testcase classname="backend.tests.test_phase1_refactoring.TestCNPJFormatacao" name="test_account_mapping_response_has_cnpj_formatado" time="0.229" /><testcase classname="backend.tests.test_phase1_refactoring.TestCNPJFormatacao" name="test_layout_response_has_cnpj_field" time="0.111" /><testcase classname="backend.tests.test_phase1_refactoring.TestDependencyInjection" name="test_all_endpoints_use_di" time="0.766" /></testsuite></testsuites>