<?xml version="1.0" encoding="utf-8"?><testsuites name="pytest tests"><testsuite name="pytest" errors="0" failures="0" skipped="0" tests="19" time="3.422" timestamp="2026-03-08T23:10:04.008266+00:00" hostname="agent-env-4bb879e0-e113-4ad5-8643-2dc0dc3c0ff2"><testcase classname="backend.tests.test_layouts_and_rules.TestLayoutsCRUD" name="test_list_layouts_empty_or_existing" time="0.280" /><testcase classname="backend.tests.test_layouts_and_rules.TestLayoutsCRUD" name="test_list_layouts_filter_by_cnpj" time="0.065" /><testcase classname="backend.tests.test_layouts_and_rules.TestLayoutsCRUD" name="test_get_campos_disponiveis" time="0.062" /><testcase classname="backend.tests.test_layouts_and_rules.TestLayoutsCRUD" name="test_create_layout_success" time="0.212" /><testcase classname="backend.tests.test_layouts_and_rules.TestLayoutsCRUD" name="test_create_layout_invalid_cnpj" time="0.065" /><testcase classname="backend.tests.test_layouts_and_rules.TestLayoutsCRUD" name="test_get_layout_by_id" time="0.143" /><testcase classname="backend.tests.test_layouts_and_rules.TestLayoutsCRUD" name="test_get_layout_not_found" time="0.089" /><testcase classname="backend.tests.test_layouts_and_rules.TestLayoutsCRUD" name="test_update_layout" time="0.210" /><testcase classname="backend.tests.test_layouts_and_rules.TestLayoutsCRUD" name="test_clone_layout" time="0.128" /><testcase classname="backend.tests.test_layouts_and_rules.TestLayoutsCRUD" name="test_delete_layout" time="0.194" /><testcase classname="backend.tests.test_layouts_and_rules.TestRegrasCRUD" name="test_list_rules_empty" time="0.062" /><testcase classname="backend.tests.test_layouts_and_rules.TestRegrasCRUD" name="test_create_rule_filtro" time="0.231" /><testcase classname="backend.tests.test_layouts_and_rules.TestRegrasCRUD" name="test_create_rule_transformacao" time="0.138" /><testcase classname="backend.tests.test_layouts_and_rules.TestRegrasCRUD" name="test_create_rule_validacao" time="0.123" /><testcase classname="backend.tests.test_layouts_and_rules.TestRegrasCRUD" name="test_update_rule" time="0.269" /><testcase classname="backend.tests.test_layouts_and_rules.TestRegrasCRUD" name="test_delete_rule" time="0.190" /><testcase classname="backend.tests.test_layouts_and_rules.TestRegrasCRUD" name="test_get_rule_by_id" time="0.189" /><testcase classname="backend.tests.test_layouts_and_rules.TestLayoutRulesIntegration" name="test_layout_tracks_rule_count" time="0.320" /><testcase classname="backend.tests.test_layouts_and_rules.TestLayoutRulesIntegration" name="test_delete_layout_cascades_rules" time="0.320" /></testsuite></testsuites>