<?xml version="1.0" encoding="utf-8"?><testsuites name="pytest tests"><testsuite name="pytest" errors="0" failures="0" skipped="0" tests="12" time="2.400" timestamp="2026-03-10T13:30:47.918555+00:00" hostname="agent-env-c69c05a3-1ad4-4013-961e-80ba47193ce8"><testcase classname="tests.test_phase5_final.TestHealthAndRegression" name="test_health_endpoint" time="0.286" /><testcase classname="tests.test_phase5_final.TestHealthAndRegression" name="test_import_layouts_endpoint" time="0.130" /><testcase classname="tests.test_phase5_final.TestHealthAndRegression" name="test_lotes_estatisticas_endpoint" time="0.114" /><testcase classname="tests.test_phase5_final.TestOutputProfiles" name="test_get_output_profiles" time="0.132" /><testcase classname="tests.test_phase5_final.TestDetectAndTestParse" name="test_detect_endpoint" time="0.137" /><testcase classname="tests.test_phase5_final.TestDetectAndTestParse" name="test_test_parse_with_layout_id" time="0.254" /><testcase classname="tests.test_phase5_final.TestCreateLoteWithPerfilSaida" name="test_create_lote_with_perfil_saida_id" time="0.542" /><testcase classname="tests.test_phase5_final.TestCreateLoteWithPerfilSaida" name="test_create_lote_without_perfil_saida_id" time="0.333" /><testcase classname="tests.test_phase5_final.TestOFXParserPortContract" name="test_ofx_parser_port_file_exists" time="0.000" /><testcase classname="tests.test_phase5_final.TestOFXParserPortContract" name="test_ofx_parser_port_imports" time="0.011" /><testcase classname="tests.test_phase5_final.TestDependencyInjection" name="test_dependencies_module_structure" time="0.390" /><testcase classname="tests.test_phase5_final.TestDependencyInjection" name="test_processar_lote_usecase_signature" time="0.004" /></testsuite></testsuites>