<?xml version="1.0" encoding="utf-8"?><testsuites name="pytest tests"><testsuite name="pytest" errors="0" failures="0" skipped="0" tests="10" time="2.456" timestamp="2026-03-08T23:51:05.664470+00:00" hostname="agent-env-4bb879e0-e113-4ad5-8643-2dc0dc3c0ff2"><testcase classname="backend.tests.test_preview_and_lotes_v4.TestPreviewExcelEndpoint" name="test_preview_excel_default_config" time="0.302" /><testcase classname="backend.tests.test_preview_and_lotes_v4.TestPreviewExcelEndpoint" name="test_preview_excel_custom_config" time="0.213" /><testcase classname="backend.tests.test_preview_and_lotes_v4.TestPreviewExcelEndpoint" name="test_preview_excel_select_sheet_by_name" time="0.253" /><testcase classname="backend.tests.test_preview_and_lotes_v4.TestPreviewExcelEndpoint" name="test_preview_excel_invalid_base64" time="0.116" /><testcase classname="backend.tests.test_preview_and_lotes_v4.TestLotesWithLayoutId" name="test_lotes_estatisticas_endpoint" time="0.114" /><testcase classname="backend.tests.test_preview_and_lotes_v4.TestLotesWithLayoutId" name="test_listar_lotes_works" time="0.116" /><testcase classname="backend.tests.test_preview_and_lotes_v4.TestLotesWithLayoutId" name="test_criar_lote_with_null_layout_id" time="0.252" /><testcase classname="backend.tests.test_preview_and_lotes_v4.TestLotesWithLayoutId" name="test_criar_lote_with_valid_layout_id" time="0.567" /><testcase classname="backend.tests.test_preview_and_lotes_v4.TestLotesWithLayoutId" name="test_obter_lote_includes_layout_id" time="0.360" /><testcase classname="backend.tests.test_preview_and_lotes_v4.TestHealthCheck" name="test_health_endpoint" time="0.102" /></testsuite></testsuites>