<?xml version="1.0" encoding="utf-8"?><testsuites name="pytest tests"><testsuite name="pytest" errors="0" failures="0" skipped="0" tests="22" time="0.770" timestamp="2026-03-10T12:30:18.276151+00:00" hostname="agent-env-c69c05a3-1ad4-4013-961e-80ba47193ce8"><testcase classname="tests.test_phase3_refactoring.TestExceptionHandling" name="test_usecases_has_logging" time="0.000" /><testcase classname="tests.test_phase3_refactoring.TestExceptionHandling" name="test_excel_parser_has_logging" time="0.000" /><testcase classname="tests.test_phase3_refactoring.TestExceptionHandling" name="test_no_silent_exceptions_in_core_paths" time="0.006" /><testcase classname="tests.test_phase3_refactoring.TestTxtConfigDataclass" name="test_txtconfig_dataclass_exists" time="0.000" /><testcase classname="tests.test_phase3_refactoring.TestTxtConfigDataclass" name="test_txtgenerator_uses_config" time="0.000" /><testcase classname="tests.test_phase3_refactoring.TestTxtConfigDataclass" name="test_default_txtconfig_defined" time="0.000" /><testcase classname="tests.test_phase3_refactoring.TestAPIRegression" name="test_health_endpoint" time="0.152" /><testcase classname="tests.test_phase3_refactoring.TestAPIRegression" name="test_lotes_estatisticas" time="0.134" /><testcase classname="tests.test_phase3_refactoring.TestAPIRegression" name="test_import_layouts" time="0.109" /><testcase classname="tests.test_phase3_refactoring.TestAPIRegression" name="test_account_mappings" time="0.126" /><testcase classname="tests.test_phase3_refactoring.TestAPIRegression" name="test_output_profiles" time="0.171" /><testcase classname="tests.test_phase3_refactoring.TestFSDBarrelExports" name="test_features_barrel_exports_exist" time="0.000" /><testcase classname="tests.test_phase3_refactoring.TestFSDBarrelExports" name="test_shared_barrel_exports_exist" time="0.000" /><testcase classname="tests.test_phase3_refactoring.TestFSDBarrelExports" name="test_dashboard_barrel_content" time="0.000" /><testcase classname="tests.test_phase3_refactoring.TestFSDBarrelExports" name="test_layouts_barrel_content" time="0.000" /><testcase classname="tests.test_phase3_refactoring.TestLazyLoading" name="test_app_uses_lazy_imports" time="0.000" /><testcase classname="tests.test_phase3_refactoring.TestLazyLoading" name="test_app_has_suspense_fallback" time="0.000" /><testcase classname="tests.test_phase3_refactoring.TestLazyLoading" name="test_dashboard_is_eager_loaded" time="0.000" /><testcase classname="tests.test_phase3_refactoring.TestDefaultExports" name="test_layoutslist_has_default_export" time="0.000" /><testcase classname="tests.test_phase3_refactoring.TestDefaultExports" name="test_layoutform_has_default_export" time="0.000" /><testcase classname="tests.test_phase3_refactoring.TestDefaultExports" name="test_layoutdetail_has_default_export" time="0.000" /><testcase classname="tests.test_phase3_refactoring.TestDefaultExports" name="test_perfissaidalist_has_default_export" time="0.000" /></testsuite></testsuites>