<?xml version="1.0" encoding="utf-8"?><testsuites name="pytest tests"><testsuite name="pytest" errors="0" failures="0" skipped="0" tests="16" time="3.698" timestamp="2026-03-09T15:19:45.400524+00:00" hostname="agent-env-4bb879e0-e113-4ad5-8643-2dc0dc3c0ff2"><testcase classname="tests.test_output_profiles.TestSistemasDisponiveis" name="test_sistemas_disponiveis_returns_200" time="0.402" /><testcase classname="tests.test_output_profiles.TestSistemasDisponiveis" name="test_dominio_sistemas_available" time="0.137" /><testcase classname="tests.test_output_profiles.TestSistemasDisponiveis" name="test_geradores_implementados_lists_txt_generator" time="0.122" /><testcase classname="tests.test_output_profiles.TestOutputProfilesCRUD" name="test_list_profiles" time="0.125" /><testcase classname="tests.test_output_profiles.TestOutputProfilesCRUD" name="test_create_profile" time="0.365" /><testcase classname="tests.test_output_profiles.TestOutputProfilesCRUD" name="test_get_profile_by_id" time="0.370" /><testcase classname="tests.test_output_profiles.TestOutputProfilesCRUD" name="test_get_profile_not_found" time="0.115" /><testcase classname="tests.test_output_profiles.TestOutputProfilesCRUD" name="test_update_profile" time="0.496" /><testcase classname="tests.test_output_profiles.TestOutputProfilesCRUD" name="test_delete_profile" time="0.361" /><testcase classname="tests.test_output_profiles.TestOutputProfilesCRUD" name="test_set_default_profile" time="0.795" /><testcase classname="tests.test_output_profiles.TestDominioSistemasTxtGenerator" name="test_generator_format_basic" time="0.011" /><testcase classname="tests.test_output_profiles.TestDominioSistemasTxtGenerator" name="test_generator_value_formatting" time="0.000" /><testcase classname="tests.test_output_profiles.TestDominioSistemasTxtGenerator" name="test_generator_date_formatting" time="0.000" /><testcase classname="tests.test_output_profiles.TestDominioSistemasTxtGenerator" name="test_generator_validation" time="0.000" /><testcase classname="tests.test_output_profiles.TestDominioSistemasTxtGenerator" name="test_generator_with_account_mappings" time="0.000" /><testcase classname="tests.test_output_profiles.TestLoteWithPerfilSaida" name="test_lote_accepts_perfil_saida_id" time="0.295" /></testsuite></testsuites>