<?xml version="1.0" encoding="utf-8"?><testsuites name="pytest tests"><testsuite name="pytest" errors="0" failures="0" skipped="0" tests="10" time="1.501" timestamp="2026-03-10T12:23:24.684569+00:00" hostname="agent-env-c69c05a3-1ad4-4013-961e-80ba47193ce8"><testcase classname="backend.tests.test_phase2_refactoring.TestPhase2BackendAPIs" name="test_health_check" time="0.128" /><testcase classname="backend.tests.test_phase2_refactoring.TestPhase2BackendAPIs" name="test_lotes_estatisticas" time="0.155" /><testcase classname="backend.tests.test_phase2_refactoring.TestPhase2BackendAPIs" name="test_import_layouts_list_with_total_regras" time="0.121" /><testcase classname="backend.tests.test_phase2_refactoring.TestPhase2BackendAPIs" name="test_import_layout_by_id" time="0.224" /><testcase classname="backend.tests.test_phase2_refactoring.TestPhase2BackendAPIs" name="test_import_layout_rules" time="0.224" /><testcase classname="backend.tests.test_phase2_refactoring.TestPhase2BackendAPIs" name="test_account_mappings_list" time="0.109" /><testcase classname="backend.tests.test_phase2_refactoring.TestPhase2BackendAPIs" name="test_output_profiles_list" time="0.129" /><testcase classname="backend.tests.test_phase2_refactoring.TestPhase2BackendAPIs" name="test_lotes_list" time="0.109" /><testcase classname="backend.tests.test_phase2_refactoring.TestN1QueryFix" name="test_total_regras_populated_for_all_layouts" time="0.133" /><testcase classname="backend.tests.test_phase2_refactoring.TestN1QueryFix" name="test_import_layouts_with_pagination" time="0.103" /></testsuite></testsuites>