<?xml version="1.0" encoding="utf-8"?><testsuites name="pytest tests"><testsuite name="pytest" errors="0" failures="0" skipped="0" tests="14" time="2.428" timestamp="2026-03-09T21:02:35.041802+00:00" hostname="agent-env-d6948b48-5f46-4374-b905-f4e09be1abad"><testcase classname="backend.tests.test_transformation_features.TestHealthCheck" name="test_health_endpoint" time="0.296" /><testcase classname="backend.tests.test_transformation_features.TestCamposDisponiveis" name="test_campos_disponiveis_returns_fields" time="0.058" /><testcase classname="backend.tests.test_transformation_features.TestLayoutWithTransformation" name="test_create_layout_with_transformacao_config" time="0.072" /><testcase classname="backend.tests.test_transformation_features.TestLayoutWithTransformation" name="test_get_layout_contains_transformacao" time="0.056" /><testcase classname="backend.tests.test_transformation_features.TestLayoutWithTransformation" name="test_list_layouts_includes_new_layout" time="0.057" /><testcase classname="backend.tests.test_transformation_features.TestLayoutWithTransformation" name="test_cleanup_layout" time="0.061" /><testcase classname="backend.tests.test_transformation_features.TestLoteWithLayoutId" name="test_create_layout_for_lote" time="0.060" /><testcase classname="backend.tests.test_transformation_features.TestLoteWithLayoutId" name="test_create_lote_with_layout_id" time="0.098" /><testcase classname="backend.tests.test_transformation_features.TestLoteWithLayoutId" name="test_get_lote_shows_layout_id" time="0.073" /><testcase classname="backend.tests.test_transformation_features.TestLoteWithLayoutId" name="test_cleanup_lote_and_layout" time="0.128" /><testcase classname="backend.tests.test_transformation_features.TestTransformationOptions" name="test_formato_numero_options" time="0.832" /><testcase classname="backend.tests.test_transformation_features.TestTransformationOptions" name="test_regex_pattern_transformation" time="0.185" /><testcase classname="backend.tests.test_transformation_features.TestTransformationOptions" name="test_campo_composto_transformation" time="0.195" /><testcase classname="backend.tests.test_transformation_features.TestTransformationOptions" name="test_concat_colunas_transformation" time="0.173" /></testsuite></testsuites>