<?xml version="1.0" encoding="utf-8"?><testsuites name="pytest tests"><testsuite name="pytest" errors="0" failures="0" skipped="0" tests="20" time="3.639" timestamp="2026-03-10T12:48:45.778877+00:00" hostname="agent-env-c69c05a3-1ad4-4013-961e-80ba47193ce8"><testcase classname="tests.test_phase4_detect.TestHealthAndRegression" name="test_health_endpoint" time="0.159" /><testcase classname="tests.test_phase4_detect.TestHealthAndRegression" name="test_layouts_list" time="0.144" /><testcase classname="tests.test_phase4_detect.TestHealthAndRegression" name="test_lotes_estatisticas" time="0.109" /><testcase classname="tests.test_phase4_detect.TestDetectEndpoint" name="test_detect_basic" time="0.139" /><testcase classname="tests.test_phase4_detect.TestDetectEndpoint" name="test_detect_config_planilha" time="0.126" /><testcase classname="tests.test_phase4_detect.TestDetectEndpoint" name="test_detect_columns_structure" time="0.207" /><testcase classname="tests.test_phase4_detect.TestDetectEndpoint" name="test_detect_data_column_identified" time="0.132" /><testcase classname="tests.test_phase4_detect.TestDetectEndpoint" name="test_detect_valor_column_identified" time="0.216" /><testcase classname="tests.test_phase4_detect.TestDetectEndpoint" name="test_detect_config_valor" time="0.135" /><testcase classname="tests.test_phase4_detect.TestDetectEndpoint" name="test_detect_templates_regras" time="0.127" /><testcase classname="tests.test_phase4_detect.TestDetectEndpoint" name="test_detect_preview_dados" time="0.151" /><testcase classname="tests.test_phase4_detect.TestDetectEndpoint" name="test_detect_empty_file_error" time="0.112" /><testcase classname="tests.test_phase4_detect.TestTestParseEndpoint" name="test_test_parse_with_layout_id" time="0.263" /><testcase classname="tests.test_phase4_detect.TestTestParseEndpoint" name="test_test_parse_resumo_structure" time="0.255" /><testcase classname="tests.test_phase4_detect.TestTestParseEndpoint" name="test_test_parse_lancamentos_structure" time="0.259" /><testcase classname="tests.test_phase4_detect.TestTestParseEndpoint" name="test_test_parse_with_layout_config_inline" time="0.276" /><testcase classname="tests.test_phase4_detect.TestTestParseEndpoint" name="test_test_parse_missing_params" time="0.137" /><testcase classname="tests.test_phase4_detect.TestTestParseEndpoint" name="test_test_parse_invalid_layout_id" time="0.129" /><testcase classname="tests.test_phase4_detect.TestTestParseEndpoint" name="test_test_parse_fora_periodo_detection" time="0.234" /><testcase classname="tests.test_phase4_detect.TestIntegration" name="test_detect_then_test_parse_flow" time="0.273" /></testsuite></testsuites>