<?xml version="1.0" encoding="utf-8"?><testsuites name="pytest tests"><testsuite name="pytest" errors="0" failures="1" skipped="1" tests="15" time="2.509" timestamp="2026-03-10T01:58:55.415916+00:00" hostname="agent-env-d6948b48-5f46-4374-b905-f4e09be1abad"><testcase classname="backend.tests.test_account_rules.TestAccountRulesCreate" name="test_create_layout_with_single_regra_conta" time="0.339" /><testcase classname="backend.tests.test_account_rules.TestAccountRulesCreate" name="test_create_layout_with_multiple_regras_conta" time="0.123" /><testcase classname="backend.tests.test_account_rules.TestAccountRulesCreate" name="test_create_layout_with_dc_operators" time="0.123" /><testcase classname="backend.tests.test_account_rules.TestAccountRulesCreate" name="test_create_layout_with_multiple_conditions_and" time="0.131" /><testcase classname="backend.tests.test_account_rules.TestAccountRulesCreate" name="test_create_layout_with_coluna_excel_direct" time="0.128" /><testcase classname="backend.tests.test_account_rules.TestAccountRulesRetrieve" name="test_get_layout_returns_regras_conta" time="0.178" /><testcase classname="backend.tests.test_account_rules.TestAccountRulesRetrieve" name="test_get_existing_layout_with_regras_conta" time="0.061"><skipped type="pytest.skip" message="Existing layout ffebdf32-da26-4c97-a3c0-de3f14715a42 not found, may have been deleted">/app/backend/tests/test_account_rules.py:298: Existing layout ffebdf32-da26-4c97-a3c0-de3f14715a42 not found, may have been deleted</skipped></testcase><testcase classname="backend.tests.test_account_rules.TestAccountRulesUpdate" name="test_update_layout_add_regras_conta" time="0.316" /><testcase classname="backend.tests.test_account_rules.TestAccountRulesUpdate" name="test_update_layout_modify_regras_conta" time="0.197" /><testcase classname="backend.tests.test_account_rules.TestAccountRulesUpdate" name="test_update_layout_remove_regras_conta" time="0.125"><failure message="AssertionError: Expected 0 rules, got 1&#10;assert 1 == 0&#10; +  where 1 = len([{'ativo': True, 'condicoes': [{'campo': '_sinal_valor', 'coluna_excel': '', 'operador': 'positivo', 'valor': ''}], 'conta_credito': '456', 'conta_debito': '123', ...}])">backend/tests/test_account_rules.py:440: in test_update_layout_remove_regras_conta
    assert len(data["regras_conta"]) == 0, f"Expected 0 rules, got {len(data['regras_conta'])}"
E   AssertionError: Expected 0 rules, got 1
E   assert 1 == 0
E    +  where 1 = len([{'ativo': True, 'condicoes': [{'campo': '_sinal_valor', 'coluna_excel': '', 'operador': 'positivo', 'valor': ''}], 'conta_credito': '456', 'conta_debito': '123', ...}])</failure></testcase><testcase classname="backend.tests.test_account_rules.TestAccountRulesOperators" name="test_operators_positivo_negativo" time="0.131" /><testcase classname="backend.tests.test_account_rules.TestAccountRulesOperators" name="test_operators_igual_diferente" time="0.121" /><testcase classname="backend.tests.test_account_rules.TestAccountRulesOperators" name="test_operators_contem_nao_contem" time="0.129" /><testcase classname="backend.tests.test_account_rules.TestAccountRulesOperators" name="test_operators_dc_debito_credito" time="0.126" /><testcase classname="backend.tests.test_account_rules.TestAccountRulesListResponse" name="test_list_layouts_includes_regras_conta" time="0.179" /></testsuite></testsuites>